- : unit = ()
Findlib has been successfully loaded. Additional directives:
  #require "package";;      to load a package
  #list;;                   to list the available packages
  #camlp4o;;                to load camlp4 (standard syntax)
  #camlp4r;;                to load camlp4 (revised syntax)
  #predicates "p,q,...";;   to set these predicates
  Topfind.reset();;         to force that packages will be reloaded
  #thread;;                 to enable threads

- : unit = ()
/Users/ewenmaclean/.opam/imandra/lib/bytes: added to search path
/Users/ewenmaclean/.opam/imandra/lib/zip: added to search path
/Users/ewenmaclean/.opam/imandra/lib/camlzip: added to search path
/Users/ewenmaclean/.opam/imandra/lib/ocaml/compiler-libs: added to search path
/Users/ewenmaclean/.opam/imandra/lib/containers/monomorphic: added to search path
/Users/ewenmaclean/.opam/imandra/lib/result: added to search path
/Users/ewenmaclean/.opam/imandra/lib/uchar: added to search path
/Users/ewenmaclean/.opam/imandra/lib/containers: added to search path
/Users/ewenmaclean/.opam/imandra/lib/sha: added to search path
/Users/ewenmaclean/.opam/imandra/lib/zarith: added to search path
/Users/ewenmaclean/.opam/imandra/lib/imandra-base/util: added to search path
/Users/ewenmaclean/.opam/imandra/lib/octavius: added to search path
/Users/ewenmaclean/.opam/imandra/lib/uuidm: added to search path
/Users/ewenmaclean/.opam/imandra/lib/easy-format: added to search path
/Users/ewenmaclean/.opam/imandra/lib/biniou: added to search path
/Users/ewenmaclean/.opam/imandra/lib/yojson: added to search path
/Users/ewenmaclean/.opam/imandra/lib/imandra-base/surface: added to search path
/Users/ewenmaclean/.opam/imandra/lib/imandra-base/syntax: added to search path
/Users/ewenmaclean/.opam/imandra/lib/curly: added to search path
/Users/ewenmaclean/.opam/imandra/lib/findlib: added to search path
/Users/ewenmaclean/.opam/imandra/lib/imandra-base/codegen: added to search path
/Users/ewenmaclean/.opam/imandra/lib/imandra-base/protocol: added to search path
/Users/ewenmaclean/.opam/imandra/lib/menhirLib: added to search path
/Users/ewenmaclean/.opam/imandra/lib/ppx_derivers: added to search path
/Users/ewenmaclean/.opam/imandra/lib/ocaml-migrate-parsetree: added to search path
/Users/ewenmaclean/.opam/imandra/lib/imandra-reason-parser: added to search path
/Users/ewenmaclean/.opam/imandra/lib/imandra-base/reason: added to search path
/Users/ewenmaclean/.opam/imandra/lib/linenoise: added to search path
/Users/ewenmaclean/.opam/imandra/lib/num-top: added to search path
/Users/ewenmaclean/.opam/imandra/lib/num: added to search path
/Users/ewenmaclean/.opam/imandra/lib/imandra-base/interactive: added to search path
- : unit = ()
Findlib has been successfully loaded. Additional directives:
  #require "package";;      to load a package
  #list;;                   to list the available packages
  #camlp4o;;                to load camlp4 (standard syntax)
  #camlp4r;;                to load camlp4 (revised syntax)
  #predicates "p,q,...";;   to set these predicates
  Topfind.reset();;         to force that packages will be reloaded
  #thread;;                 to enable threads

- : unit = ()
[[34;1mDEBUG[0m/client|t0|vscode|0.120]
  got message {"kind":"doc_add","uri":"/Users/ewenmaclean/ai/testImlRepo/dirs/c.iml","text":"let _= Imandra_interactive.System.add_path \"dirs\";;\n[@@@import \"a.iml\"];;\n\nopen A;;\nlet c x = x*2;;","version":1}
[[34;1mDEBUG[0m/client|t0|vscode|0.124]
  process message {"kind":"doc_add","uri":"/Users/ewenmaclean/ai/testImlRepo/dirs/c.iml","text":"let _= Imandra_interactive.System.add_path \"dirs\";;\n[@@@import \"a.iml\"];;\n\nopen A;;\nlet c x = x*2;;","version":1}
[[34;1mDEBUG[0m/client|t0|vscode|0.126]
  add doc /Users/ewenmaclean/ai/testImlRepo/dirs/c.iml version 1
[[34;1mDEBUG[0m/client|t0|vscode|0.126]
  send res {"kind":"ack","uri":"/Users/ewenmaclean/ai/testImlRepo/dirs/c.iml","version":1,"len":99,"md5":"02c418ecfde36c8fc5d8b5cca68ae381"}
[[34;1mDEBUG[0m/client|t0|vscode|0.140]
  got message {"kind":"doc_check","uri":"/Users/ewenmaclean/ai/testImlRepo/dirs/c.iml","version":1,"len":99}
/Users/ewenmaclean/.opam/imandra/lib/bytes: added to search path
/Users/ewenmaclean/.opam/imandra/lib/zip: added to search path
/Users/ewenmaclean/.opam/imandra/lib/camlzip: added to search path
/Users/ewenmaclean/.opam/imandra/lib/ocaml/compiler-libs: added to search path
/Users/ewenmaclean/.opam/imandra/lib/containers/monomorphic: added to search path
/Users/ewenmaclean/.opam/imandra/lib/result: added to search path
/Users/ewenmaclean/.opam/imandra/lib/uchar: added to search path
/Users/ewenmaclean/.opam/imandra/lib/containers: added to search path
/Users/ewenmaclean/.opam/imandra/lib/sha: added to search path
/Users/ewenmaclean/.opam/imandra/lib/zarith: added to search path
/Users/ewenmaclean/.opam/imandra/lib/imandra-base/util: added to search path
/Users/ewenmaclean/.opam/imandra/lib/octavius: added to search path
/Users/ewenmaclean/.opam/imandra/lib/uuidm: added to search path
/Users/ewenmaclean/.opam/imandra/lib/easy-format: added to search path
/Users/ewenmaclean/.opam/imandra/lib/biniou: added to search path
/Users/ewenmaclean/.opam/imandra/lib/yojson: added to search path
/Users/ewenmaclean/.opam/imandra/lib/imandra-base/surface: added to search path
/Users/ewenmaclean/.opam/imandra/lib/imandra-base/syntax: added to search path
/Users/ewenmaclean/.opam/imandra/lib/curly: added to search path
/Users/ewenmaclean/.opam/imandra/lib/findlib: added to search path
/Users/ewenmaclean/.opam/imandra/lib/imandra-base/codegen: added to search path
/Users/ewenmaclean/.opam/imandra/lib/imandra-base/protocol: added to search path
/Users/ewenmaclean/.opam/imandra/lib/menhirLib: added to search path
/Users/ewenmaclean/.opam/imandra/lib/ppx_derivers: added to search path
/Users/ewenmaclean/.opam/imandra/lib/ocaml-migrate-parsetree: added to search path
/Users/ewenmaclean/.opam/imandra/lib/imandra-reason-parser: added to search path
/Users/ewenmaclean/.opam/imandra/lib/imandra-base/reason: added to search path
/Users/ewenmaclean/.opam/imandra/lib/linenoise: added to search path
/Users/ewenmaclean/.opam/imandra/lib/num-top: added to search path
/Users/ewenmaclean/.opam/imandra/lib/num: added to search path
/Users/ewenmaclean/.opam/imandra/lib/imandra-base/interactive: added to search path
[[34;1mDEBUG[0m/client|t0|vscode|0.140]
  process message {"kind":"doc_check","uri":"/Users/ewenmaclean/ai/testImlRepo/dirs/c.iml","version":1,"len":99}
[[34;1mDEBUG[0m/client|t0|vscode|0.172]
  check doc /Users/ewenmaclean/ai/testImlRepo/dirs/c.iml version 1
- : unit = ()
Findlib has been successfully loaded. Additional directives:
  #require "package";;      to load a package
  #list;;                   to list the available packages
  #camlp4o;;                to load camlp4 (standard syntax)
  #camlp4r;;                to load camlp4 (revised syntax)
  #predicates "p,q,...";;   to set these predicates
  Topfind.reset();;         to force that packages will be reloaded
  #thread;;                 to enable threads

- : unit = ()
[[34;1mDEBUG[0m/client|t0|vscode|0.104]
  got message {"kind":"doc_add","uri":"/Users/ewenmaclean/ai/ipl-worker/script/load.iml","text":"let _ = Imandra_interactive.System.add_path \"script\";;\n\n[@@@require \"decoders-yojson\"]\n[@@@require \"imandra-tools\"]\n[@@@require \"imandra-voronoi\"]\n[@@@import \"../out/fix-engine/src-model/src-string-factory/string_assoc.iml\"];;\n[@@@import \"../out/fix-engine/src-model/src-string-factory/string_checks.iml\"];;\n[@@@import \"../out/fix-engine/src-model/src-types-pp/scenario_event_json.iml\"];;\n[@@@import \"ipl_region_pp.iml\"];;\n[@@@import \"region_json.iml\"];;\n[@@@import \"load_logic.iml\"];;\n[@@@import \"../out/fix-engine/vgs/templates/validation_functions.iml\"] \n[@@@program];;\n\nlet basis =\n  [ \"Datetime.localmktdate_Equal\"\n  ; \"Datetime.localmktdate_GreaterThan\"\n  ; \"Datetime.localmktdate_GreaterThanEqual\"\n  ; \"Datetime.localmktdate_LessThan\"\n  ; \"Datetime.localmktdate_LessThanEqual\"\n  ; \"Datetime.monthyear_Equal\"\n  ; \"Datetime.monthyear_GreaterThan\"\n  ; \"Datetime.monthyear_GreaterThanEqual\"\n  ; \"Datetime.monthyear_LessThan\"\n  ; \"Datetime.monthyear_LessThanEqual\"\n  ; \"Datetime.utcdateonly_Equal\"\n  ; \"Datetime.utcdateonly_GreaterThan\"\n  ; \"Datetime.utcdateonly_GreaterThanEqual\"\n  ; \"Datetime.utcdateonly_LessThan\"\n  ; \"Datetime.utcdateonly_LessThanEqual\"\n  ; \"Datetime.utctimeonly_Equal_milli_milli\"\n  ; \"Datetime.utctimeonly_GreaterThan_milli_milli\"\n  ; \"Datetime.utctimeonly_GreaterThanEqual_milli_milli\"\n  ; \"Datetime.utctimeonly_LessThanEqual_milli_milli\"\n  ; \"Datetime.utctimeonly_LessThan_milli_milli\"\n  ; \"Datetime.utctimestamp_Equal_milli_milli\"\n  ; \"Datetime.utctimestamp_GreaterThan_milli_milli\"\n  ; \"Datetime.utctimestamp_GreaterThanEqual_milli_milli\"\n  ; \"Datetime.utctimestamp_LessThan_milli_milli\"\n  ; \"Datetime.utctimestamp_LessThanEqual_milli_milli\"\n  ; \"Datetime.utctimeonly_Equal_micro_micro\"\n  ; \"Datetime.utctimeonly_GreaterThan_micro_micro\"\n  ; \"Datetime.utctimeonly_GreaterThanEqual_micro_micro\"\n  ; \"Datetime.utctimeonly_LessThanEqual_micro_micro\"\n  ; \"Datetime.utctimeonly_LessThan_micro_micro\"\n  ; \"Datetime.utctimestamp_Equal_micro_micro\"\n  ; \"Datetime.utctimestamp_GreaterThan_micro_micro\"\n  ; \"Datetime.utctimestamp_GreaterThanEqual_micro_micro\"\n  ; \"Datetime.utctimestamp_LessThan_micro_micro\"\n  ; \"Datetime.utctimestamp_LessThanEqual_micro_micro\"\n  ; \"Datetime.utctimeonly_Equal_milli_micro\"\n  ; \"Datetime.utctimeonly_GreaterThan_milli_micro\"\n  ; \"Datetime.utctimeonly_GreaterThanEqual_milli_micro\"\n  ; \"Datetime.utctimeonly_LessThanEqual_milli_micro\"\n  ; \"Datetime.utctimeonly_LessThan_milli_micro\"\n  ; \"Datetime.utctimestamp_Equal_milli_micro\"\n  ; \"Datetime.utctimestamp_GreaterThan_milli_micro\"\n  ; \"Datetime.utctimestamp_GreaterThanEqual_milli_micro\"\n  ; \"Datetime.utctimestamp_LessThan_milli_micro\"\n  ; \"Datetime.utctimestamp_LessThanEqual_milli_micro\"\n  ; \"Datetime.utctimeonly_Equal_milli_milli\"\n  ; \"Datetime.utctimeonly_GreaterThan_milli_milli\"\n  ; \"Datetime.utctimeonly_GreaterThanEqual_milli_milli\"\n  ; \"Datetime.utctimeonly_LessThanEqual_milli_milli\"\n  ; \"Datetime.utctimeonly_LessThan_milli_milli\"\n  ; \"Datetime.utctimestamp_Equal_milli_milli\"\n  ; \"Datetime.utctimestamp_GreaterThan_milli_milli\"\n  ; \"Datetime.utctimestamp_GreaterThanEqual_milli_milli\"\n  ; \"Datetime.utctimestamp_LessThan_milli_milli\"\n  ; \"Datetime.utctimestamp_LessThanEqual_milli_milli\"\n  ; \"Datetime.make_utctimestamp_milli\"\n  ; \"Datetime.make_utctimestamp_micro\"\n  ; \"Datetime.make_utctimeonly_milli\"\n  ; \"Datetime.make_utctimeonly_micro\"\n  ; \"Datetime.make_localmktdate\"\n  ; \"Datetime.make_monthyear\"\n  ; \"Datetime.make_utcdateonly\"\n  ; \"Datetime.duration_utctimestamp_micro_Add\"\n  ; \"Datetime.utctimestamp_micro_duration_Add\"\n  ; \"Datetime.duration_utctimestamp_milli_Add\"\n  ; \"Datetime.utctimestamp_milli_duration_Add\"\n  ; \"abs\"\n  ] (* @ (List.map fst Validation_functions.validation_functions) *)\n\nlet sampling_basis = [\n  \"Numeric.float_Create_0\"\n; \"Numeric.float_Create_1\"\n; \"Numeric.float_Create_2\"\n; \"Numeric.float_Create_3\"\n; \"Numeric.float_Create_4\"\n; \"Numeric.float_Create_5\"\n; \"Numeric.float_Create_6\"\n; \"Numeric.float_Create\"\n]\n\nmodule Idf = Imandra_tools.Idf;;\n\nmodule D = Idf.Make(Load_logic.DecompositionConfig);;\n\nmodule IDF_S = D.Symbolic;;\nmodule IDF_C = D.Sampling;;\n[@@@logic];;\n","version":1}
[[34;1mDEBUG[0m/client|t0|vscode|0.107]
  process message {"kind":"doc_add","uri":"/Users/ewenmaclean/ai/ipl-worker/script/load.iml","text":"let _ = Imandra_interactive.System.add_path \"script\";;\n\n[@@@require \"decoders-yojson\"]\n[@@@require \"imandra-tools\"]\n[@@@require \"imandra-voronoi\"]\n[@@@import \"../out/fix-engine/src-model/src-string-factory/string_assoc.iml\"];;\n[@@@import \"../out/fix-engine/src-model/src-string-factory/string_checks.iml\"];;\n[@@@import \"../out/fix-engine/src-model/src-types-pp/scenario_event_json.iml\"];;\n[@@@import \"ipl_region_pp.iml\"];;\n[@@@import \"region_json.iml\"];;\n[@@@import \"load_logic.iml\"];;\n[@@@import \"../out/fix-engine/vgs/templates/validation_functions.iml\"] \n[@@@program];;\n\nlet basis =\n  [ \"Datetime.localmktdate_Equal\"\n  ; \"Datetime.localmktdate_GreaterThan\"\n  ; \"Datetime.localmktdate_GreaterThanEqual\"\n  ; \"Datetime.localmktdate_LessThan\"\n  ; \"Datetime.localmktdate_LessThanEqual\"\n  ; \"Datetime.monthyear_Equal\"\n  ; \"Datetime.monthyear_GreaterThan\"\n  ; \"Datetime.monthyear_GreaterThanEqual\"\n  ; \"Datetime.monthyear_LessThan\"\n  ; \"Datetime.monthyear_LessThanEqual\"\n  ; \"Datetime.utcdateonly_Equal\"\n  ; \"Datetime.utcdateonly_GreaterThan\"\n  ; \"Datetime.utcdateonly_GreaterThanEqual\"\n  ; \"Datetime.utcdateonly_LessThan\"\n  ; \"Datetime.utcdateonly_LessThanEqual\"\n  ; \"Datetime.utctimeonly_Equal_milli_milli\"\n  ; \"Datetime.utctimeonly_GreaterThan_milli_milli\"\n  ; \"Datetime.utctimeonly_GreaterThanEqual_milli_milli\"\n  ; \"Datetime.utctimeonly_LessThanEqual_milli_milli\"\n  ; \"Datetime.utctimeonly_LessThan_milli_milli\"\n  ; \"Datetime.utctimestamp_Equal_milli_milli\"\n  ; \"Datetime.utctimestamp_GreaterThan_milli_milli\"\n  ; \"Datetime.utctimestamp_GreaterThanEqual_milli_milli\"\n  ; \"Datetime.utctimestamp_LessThan_milli_milli\"\n  ; \"Datetime.utctimestamp_LessThanEqual_milli_milli\"\n  ; \"Datetime.utctimeonly_Equal_micro_micro\"\n  ; \"Datetime.utctimeonly_GreaterThan_micro_micro\"\n  ; \"Datetime.utctimeonly_GreaterThanEqual_micro_micro\"\n  ; \"Datetime.utctimeonly_LessThanEqual_micro_micro\"\n  ; \"Datetime.utctimeonly_LessThan_micro_micro\"\n  ; \"Datetime.utctimestamp_Equal_micro_micro\"\n  ; \"Datetime.utctimestamp_GreaterThan_micro_micro\"\n  ; \"Datetime.utctimestamp_GreaterThanEqual_micro_micro\"\n  ; \"Datetime.utctimestamp_LessThan_micro_micro\"\n  ; \"Datetime.utctimestamp_LessThanEqual_micro_micro\"\n  ; \"Datetime.utctimeonly_Equal_milli_micro\"\n  ; \"Datetime.utctimeonly_GreaterThan_milli_micro\"\n  ; \"Datetime.utctimeonly_GreaterThanEqual_milli_micro\"\n  ; \"Datetime.utctimeonly_LessThanEqual_milli_micro\"\n  ; \"Datetime.utctimeonly_LessThan_milli_micro\"\n  ; \"Datetime.utctimestamp_Equal_milli_micro\"\n  ; \"Datetime.utctimestamp_GreaterThan_milli_micro\"\n  ; \"Datetime.utctimestamp_GreaterThanEqual_milli_micro\"\n  ; \"Datetime.utctimestamp_LessThan_milli_micro\"\n  ; \"Datetime.utctimestamp_LessThanEqual_milli_micro\"\n  ; \"Datetime.utctimeonly_Equal_milli_milli\"\n  ; \"Datetime.utctimeonly_GreaterThan_milli_milli\"\n  ; \"Datetime.utctimeonly_GreaterThanEqual_milli_milli\"\n  ; \"Datetime.utctimeonly_LessThanEqual_milli_milli\"\n  ; \"Datetime.utctimeonly_LessThan_milli_milli\"\n  ; \"Datetime.utctimestamp_Equal_milli_milli\"\n  ; \"Datetime.utctimestamp_GreaterThan_milli_milli\"\n  ; \"Datetime.utctimestamp_GreaterThanEqual_milli_milli\"\n  ; \"Datetime.utctimestamp_LessThan_milli_milli\"\n  ; \"Datetime.utctimestamp_LessThanEqual_milli_milli\"\n  ; \"Datetime.make_utctimestamp_milli\"\n  ; \"Datetime.make_utctimestamp_micro\"\n  ; \"Datetime.make_utctimeonly_milli\"\n  ; \"Datetime.make_utctimeonly_micro\"\n  ; \"Datetime.make_localmktdate\"\n  ; \"Datetime.make_monthyear\"\n  ; \"Datetime.make_utcdateonly\"\n  ; \"Datetime.duration_utctimestamp_micro_Add\"\n  ; \"Datetime.utctimestamp_micro_duration_Add\"\n  ; \"Datetime.duration_utctimestamp_milli_Add\"\n  ; \"Datetime.utctimestamp_milli_duration_Add\"\n  ; \"abs\"\n  ] (* @ (List.map fst Validation_functions.validation_functions) *)\n\nlet sampling_basis = [\n  \"Numeric.float_Create_0\"\n; \"Numeric.float_Create_1\"\n; \"Numeric.float_Create_2\"\n; \"Numeric.float_Create_3\"\n; \"Numeric.float_Create_4\"\n; \"Numeric.float_Create_5\"\n; \"Numeric.float_Create_6\"\n; \"Numeric.float_Create\"\n]\n\nmodule Idf = Imandra_tools.Idf;;\n\nmodule D = Idf.Make(Load_logic.DecompositionConfig);;\n\nmodule IDF_S = D.Symbolic;;\nmodule IDF_C = D.Sampling;;\n[@@@logic];;\n","version":1}
[[34;1mDEBUG[0m/client|t0|vscode|0.108]
  add doc /Users/ewenmaclean/ai/ipl-worker/script/load.iml version 1
/Users/ewenmaclean/.opam/imandra/lib/bytes: added to search path
/Users/ewenmaclean/.opam/imandra/lib/zip: added to search path
/Users/ewenmaclean/.opam/imandra/lib/camlzip: added to search path
/Users/ewenmaclean/.opam/imandra/lib/ocaml/compiler-libs: added to search path
/Users/ewenmaclean/.opam/imandra/lib/containers/monomorphic: added to search path
/Users/ewenmaclean/.opam/imandra/lib/result: added to search path
/Users/ewenmaclean/.opam/imandra/lib/uchar: added to search path
/Users/ewenmaclean/.opam/imandra/lib/containers: added to search path
/Users/ewenmaclean/.opam/imandra/lib/sha: added to search path
/Users/ewenmaclean/.opam/imandra/lib/zarith: added to search path
/Users/ewenmaclean/.opam/imandra/lib/imandra-base/util: added to search path
/Users/ewenmaclean/.opam/imandra/lib/octavius: added to search path
/Users/ewenmaclean/.opam/imandra/lib/uuidm: added to search path
/Users/ewenmaclean/.opam/imandra/lib/easy-format: added to search path
/Users/ewenmaclean/.opam/imandra/lib/biniou: added to search path
/Users/ewenmaclean/.opam/imandra/lib/yojson: added to search path
/Users/ewenmaclean/.opam/imandra/lib/imandra-base/surface: added to search path
/Users/ewenmaclean/.opam/imandra/lib/imandra-base/syntax: added to search path
/Users/ewenmaclean/.opam/imandra/lib/curly: added to search path
/Users/ewenmaclean/.opam/imandra/lib/findlib: added to search path
/Users/ewenmaclean/.opam/imandra/lib/imandra-base/codegen: added to search path
/Users/ewenmaclean/.opam/imandra/lib/imandra-base/protocol: added to search path
/Users/ewenmaclean/.opam/imandra/lib/menhirLib: added to search path
/Users/ewenmaclean/.opam/imandra/lib/ppx_derivers: added to search path
/Users/ewenmaclean/.opam/imandra/lib/ocaml-migrate-parsetree: added to search path
/Users/ewenmaclean/.opam/imandra/lib/imandra-reason-parser: added to search path
/Users/ewenmaclean/.opam/imandra/lib/imandra-base/reason: added to search path
/Users/ewenmaclean/.opam/imandra/lib/linenoise: added to search path
/Users/ewenmaclean/.opam/imandra/lib/num-top: added to search path
/Users/ewenmaclean/.opam/imandra/lib/num: added to search path
/Users/ewenmaclean/.opam/imandra/lib/imandra-base/interactive: added to search path
[[34;1mDEBUG[0m/client|t0|vscode|0.093]
  got message {"kind":"doc_add","uri":"/Users/ewenmaclean/ai/testImlRepo/dirs/c.iml","text":"let _= Imandra_interactive.System.add_path \"dirs\";;\n[@@@import \"a.iml\"];;\n\nopen A;;\nlet c x = x*2;;","version":1}
[[34;1mDEBUG[0m/client|t0|vscode|0.093]
  process message {"kind":"doc_add","uri":"/Users/ewenmaclean/ai/testImlRepo/dirs/c.iml","text":"let _= Imandra_interactive.System.add_path \"dirs\";;\n[@@@import \"a.iml\"];;\n\nopen A;;\nlet c x = x*2;;","version":1}
[[34;1mDEBUG[0m/client|t0|vscode|0.094]
  add doc /Users/ewenmaclean/ai/testImlRepo/dirs/c.iml version 1
[[34;1mDEBUG[0m/client|t0|vscode|0.094]
  send res {"kind":"ack","uri":"/Users/ewenmaclean/ai/testImlRepo/dirs/c.iml","version":1,"len":99,"md5":"02c418ecfde36c8fc5d8b5cca68ae381"}
[[34;1mDEBUG[0m/client|t0|vscode|0.096]
  got message {"kind":"doc_check","uri":"/Users/ewenmaclean/ai/testImlRepo/dirs/c.iml","version":1,"len":99}
[[34;1mDEBUG[0m/client|t0|vscode|0.096]
  process message {"kind":"doc_check","uri":"/Users/ewenmaclean/ai/testImlRepo/dirs/c.iml","version":1,"len":99}
[[34;1mDEBUG[0m/client|t0|vscode|0.096]
  check doc /Users/ewenmaclean/ai/testImlRepo/dirs/c.iml version 1
- : unit = ()
Findlib has been successfully loaded. Additional directives:
  #require "package";;      to load a package
  #list;;                   to list the available packages
  #camlp4o;;                to load camlp4 (standard syntax)
  #camlp4r;;                to load camlp4 (revised syntax)
  #predicates "p,q,...";;   to set these predicates
  Topfind.reset();;         to force that packages will be reloaded
  #thread;;                 to enable threads

- : unit = ()
/Users/ewenmaclean/.opam/imandra/lib/bytes: added to search path
/Users/ewenmaclean/.opam/imandra/lib/zip: added to search path
/Users/ewenmaclean/.opam/imandra/lib/camlzip: added to search path
/Users/ewenmaclean/.opam/imandra/lib/ocaml/compiler-libs: added to search path
/Users/ewenmaclean/.opam/imandra/lib/containers/monomorphic: added to search path
/Users/ewenmaclean/.opam/imandra/lib/result: added to search path
/Users/ewenmaclean/.opam/imandra/lib/uchar: added to search path
/Users/ewenmaclean/.opam/imandra/lib/containers: added to search path
/Users/ewenmaclean/.opam/imandra/lib/sha: added to search path
/Users/ewenmaclean/.opam/imandra/lib/zarith: added to search path
/Users/ewenmaclean/.opam/imandra/lib/imandra-base/util: added to search path
/Users/ewenmaclean/.opam/imandra/lib/octavius: added to search path
/Users/ewenmaclean/.opam/imandra/lib/uuidm: added to search path
/Users/ewenmaclean/.opam/imandra/lib/easy-format: added to search path
/Users/ewenmaclean/.opam/imandra/lib/biniou: added to search path
/Users/ewenmaclean/.opam/imandra/lib/yojson: added to search path
/Users/ewenmaclean/.opam/imandra/lib/imandra-base/surface: added to search path
/Users/ewenmaclean/.opam/imandra/lib/imandra-base/syntax: added to search path
/Users/ewenmaclean/.opam/imandra/lib/curly: added to search path
/Users/ewenmaclean/.opam/imandra/lib/findlib: added to search path
/Users/ewenmaclean/.opam/imandra/lib/imandra-base/codegen: added to search path
/Users/ewenmaclean/.opam/imandra/lib/imandra-base/protocol: added to search path
/Users/ewenmaclean/.opam/imandra/lib/menhirLib: added to search path
/Users/ewenmaclean/.opam/imandra/lib/ppx_derivers: added to search path
/Users/ewenmaclean/.opam/imandra/lib/ocaml-migrate-parsetree: added to search path
/Users/ewenmaclean/.opam/imandra/lib/imandra-reason-parser: added to search path
/Users/ewenmaclean/.opam/imandra/lib/imandra-base/reason: added to search path
/Users/ewenmaclean/.opam/imandra/lib/linenoise: added to search path
/Users/ewenmaclean/.opam/imandra/lib/num-top: added to search path
/Users/ewenmaclean/.opam/imandra/lib/num: added to search path
/Users/ewenmaclean/.opam/imandra/lib/imandra-base/interactive: added to search path
